<?xml version="1.0" encoding="UTF-8"?>
<!-- Generated by org.testng.reporters.JUnitXMLReporter -->
<testsuite ignored="0" hostname="DESKTOP-3HQ3THD" failures="0" tests="5" name="test" time="28.486" errors="0" timestamp="2022-07-21T08:02:02 IST">
  <testcase classname="Test.cross" name="apps" time="1.911"/>
  <testcase classname="Test.cross" name="funds" time="2.32"/>
  <testcase classname="Test.cross" name="holding" time="1.891"/>
  <testcase classname="Test.cross" name="orderpage" time="1.619"/>
  <testcase classname="Test.cross" name="positions" time="1.661"/>
</testsuite> <!-- test -->
