<?xml version="1.0" encoding="UTF-8"?>
<!-- Generated by org.testng.reporters.JUnitXMLReporter -->
<testsuite ignored="0" hostname="DESKTOP-3HQ3THD" failures="0" tests="5" name="test3" time="0.208" errors="0" timestamp="2022-07-21T08:05:21 IST">
  <testcase classname="Test.cross" name="@BeforeTest launch" time="0.031">
    <failure type="java.lang.NullPointerException" message="Cannot invoke &amp;quot;org.openqa.selenium.WebDriver.get(String)&amp;quot; because &amp;quot;this.driver&amp;quot; is null">
      <![CDATA[java.lang.NullPointerException: Cannot invoke "org.openqa.selenium.WebDriver.get(String)" because "this.driver" is null
at Test.cross.launch(cross.java:52)
at java.base/java.util.concurrent.FutureTask.run(FutureTask.java:264)
at java.base/java.util.concurrent.ThreadPoolExecutor.runWorker(ThreadPoolExecutor.java:1136)
at java.base/java.util.concurrent.ThreadPoolExecutor$Worker.run(ThreadPoolExecutor.java:635)
at java.base/java.lang.Thread.run(Thread.java:833)
... Removed 13 stack frames]]>
    </failure>
  </testcase> <!-- @BeforeTest launch -->
  <testcase classname="Test.cross" name="@BeforeClass login" time="-1.658370921714E9">
    <skipped/>
  </testcase> <!-- @BeforeClass login -->
  <testcase classname="Test.cross" name="@BeforeMethod loginpage" time="-1.658370921729E9">
    <skipped/>
  </testcase> <!-- @BeforeMethod loginpage -->
  <testcase classname="Test.cross" name="@AfterMethod logout" time="-1.658370921738E9">
    <skipped/>
  </testcase> <!-- @AfterMethod logout -->
  <testcase classname="Test.cross" name="@BeforeMethod loginpage" time="-1.658370921744E9">
    <skipped/>
  </testcase> <!-- @BeforeMethod loginpage -->
  <testcase classname="Test.cross" name="@AfterMethod logout" time="-1.658370921756E9">
    <skipped/>
  </testcase> <!-- @AfterMethod logout -->
  <testcase classname="Test.cross" name="@BeforeMethod loginpage" time="-1.658370921761E9">
    <skipped/>
  </testcase> <!-- @BeforeMethod loginpage -->
  <testcase classname="Test.cross" name="@AfterMethod logout" time="-1.658370921771E9">
    <skipped/>
  </testcase> <!-- @AfterMethod logout -->
  <testcase classname="Test.cross" name="@BeforeMethod loginpage" time="-1.658370921773E9">
    <skipped/>
  </testcase> <!-- @BeforeMethod loginpage -->
  <testcase classname="Test.cross" name="@AfterMethod logout" time="-1.658370921782E9">
    <skipped/>
  </testcase> <!-- @AfterMethod logout -->
  <testcase classname="Test.cross" name="@BeforeMethod loginpage" time="-1.658370921784E9">
    <skipped/>
  </testcase> <!-- @BeforeMethod loginpage -->
  <testcase classname="Test.cross" name="@AfterMethod logout" time="-1.658370921798E9">
    <skipped/>
  </testcase> <!-- @AfterMethod logout -->
  <testcase classname="Test.cross" name="@AfterClass close" time="-1.658370921805E9">
    <skipped/>
  </testcase> <!-- @AfterClass close -->
  <testcase classname="Test.cross" name="apps" time="0.0">
    <skipped/>
  </testcase> <!-- apps -->
  <testcase classname="Test.cross" name="funds" time="0.0">
    <skipped/>
  </testcase> <!-- funds -->
  <testcase classname="Test.cross" name="holding" time="0.0">
    <skipped/>
  </testcase> <!-- holding -->
  <testcase classname="Test.cross" name="orderpage" time="0.0">
    <skipped/>
  </testcase> <!-- orderpage -->
  <testcase classname="Test.cross" name="positions" time="0.0">
    <skipped/>
  </testcase> <!-- positions -->
</testsuite> <!-- test3 -->
